  2.cpp
  2.vcxproj -> C:\Users\123\source\repos\вея\pr12\x64\Debug\2.exe

Итоги по проекту:
     4453 мс вызовов   1 C:\Users\123\source\repos\вея\pr12\2\2.vcxproj
               4453 мс вызовов   1 Rebuild                                 

Итоги по целям:
        0 мс вызовов   1 AfterClCompile                          
        0 мс вызовов   1 PrepareResourceNames                    
        0 мс вызовов   1 CreateCustomManifestResourceNames       
        0 мс вызовов   1 ComputeLinkInputsFromProject            
        0 мс вызовов   1 ComputeCLOutputs                        
        0 мс вызовов   1 ComputeManifestGeneratedLinkerInputs    
        0 мс вызовов   1 ComputeRCGeneratedLinkInputs            
        0 мс вызовов   1 ComputeRCOutputs                        
        0 мс вызовов   1 BeforeLink                              
        0 мс вызовов   1 BuildLinkTraverse                       
        0 мс вызовов   1 BuildCompile                            
        0 мс вызовов   1 _BuildCompileAction                     
        0 мс вызовов   1 AfterBuildCompileEvent                  
        0 мс вызовов   1 _ResourceCompile                        
        0 мс вызовов   1 AfterResourceCompile                    
        0 мс вызовов   1 BeforeResourceCompile                   
        0 мс вызовов   1 _ClCompile                              
        0 мс вызовов   1 AfterRebuild                            
        0 мс вызовов   1 SelectClCompile                         
        0 мс вызовов   1 GetReferencedVCProjectsInfo             
        0 мс вызовов   1 ComputeCLInputPDBName                   
        0 мс вызовов   1 BeforeClCompile                         
        0 мс вызовов   1 BuildCompileTraverse                    
        0 мс вызовов   1 BuildGenerateSources                    
        0 мс вызовов   1 PreLinkEvent                            
        0 мс вызовов   1 _BuildGenerateSourcesAction             
        0 мс вызовов   1 ComputeLinkSwitches                     
        0 мс вызовов   1 _Link                                   
        0 мс вызовов   1 AfterBuild                              
        0 мс вызовов   1 BuildLink                               
        0 мс вызовов   1 _BuildLinkAction                        
        0 мс вызовов   1 PostBuildEvent                          
        0 мс вызовов   1 PrepareForRun                           
        0 мс вызовов   1 _CheckForCompileOutputs                 
        0 мс вызовов   1 _CopySourceItemsToOutputDirectory       
        0 мс вызовов   1 _GetCopyToOutputDirectoryItemsFromThisProject
        0 мс вызовов   1 _PopulateCommonStateForGetCopyToOutputDirectoryItems
        0 мс вызовов   1 _Deploy                                 
        0 мс вызовов   1 _Appverifier                            
        0 мс вызовов   1 CreateSatelliteAssemblies               
        0 мс вызовов   1 MakeDirsForFxc                          
        0 мс вызовов   1 SatelliteDllsProjectOutputGroup         
        0 мс вызовов   1 _BscMake                                
        0 мс вызовов   1 MakeDirsForBscMake                      
        0 мс вызовов   1 ComputeCLCompileGeneratedSbrFiles       
        0 мс вызовов   1 _XdcMake                                
        0 мс вызовов   1 ComputeCLCompileGeneratedXDCFiles       
        0 мс вызовов   1 ResolvedXDCMake                         
        0 мс вызовов   1 RegisterOutput                          
        0 мс вызовов   1 _Manifest                               
        0 мс вызовов   1 _ALink                                  
        0 мс вызовов   1 AfterLink                               
        0 мс вызовов   1 AfterBuildGenerateSourcesEvent          
        0 мс вызовов   1 Rebuild                                 
        0 мс вызовов   1 _Midl                                   
        0 мс вызовов   1 ResolveProjectReferences                
        0 мс вызовов   1 ExpandSDKReferences                     
        0 мс вызовов   1 ResolveSDKReferences                    
        0 мс вызовов   1 AfterClean                              
        0 мс вызовов   1 SetCABuildNativeEnvironmentVariables    
        0 мс вызовов   1 BeforeCppClean                          
        0 мс вызовов   1 AfterCppClean                           
        0 мс вызовов   1 GetResolvedWinMD                        
        0 мс вызовов   1 CppClean                                
        0 мс вызовов   1 Clean                                   
        0 мс вызовов   1 _PrepareForRebuild                      
        0 мс вызовов   1 AddExternalIncludDirectoriesToPaths     
        0 мс вызовов   1 _PrepareForBuild                        
        0 мс вызовов   1 AfterBuildGenerateSources               
        0 мс вызовов   1 GetFrameworkPaths                       
        0 мс вызовов   1 ResolveReferences                       
        0 мс вызовов   1 BuildGenerateSourcesTraverse            
        0 мс вызовов   1 AfterResolveReferences                  
        0 мс вызовов   1 _PrepareForReferenceResolution          
        0 мс вызовов   1 AfterMidl                               
        0 мс вызовов   1 _SelectedFiles                          
        0 мс вызовов   1 ComputeMIDLGeneratedCompileInputs       
        0 мс вызовов   1 BeforeRebuild                           
        0 мс вызовов   1 SelectCustomBuild                       
        0 мс вызовов   1 _Xsd                                    
        0 мс вызовов   1 BeforeClean                             
        0 мс вызовов   1 BeforeBuildGenerateSources              
        0 мс вызовов   1 _SplitProjectReferencesByFileExistence  
        0 мс вызовов   1 PrepareProjectReferences                
        0 мс вызовов   1 CleanReferencedProjects                 
        0 мс вызовов   1 ComputeReferenceCLInput                 
        0 мс вызовов   1 ComputeCustomBuildOutput                
        0 мс вызовов   1 PreBuildEvent                           
        1 мс вызовов   1 ComputeCLGeneratedLinkInputs            
        1 мс вызовов   1 _GenerateSatelliteAssemblyInputs        
        1 мс вызовов   1 WarnCompileDuplicatedFilename           
        1 мс вызовов   1 FindReferenceAssembliesForReferences    
        1 мс вызовов   1 _AddOutputPathToGlobalPropertiesToRemove
        1 мс вызовов   1 BuiltProjectOutputGroup                 
        1 мс вызовов   1 CleanPublishFolder                      
        1 мс вызовов   1 ComputeLinkImportLibraryOutputsForClean 
        1 мс вызовов   1 MakeDirsForXdcMake                      
        1 мс вызовов   1 MakeDirsForCl                           
        1 мс вызовов   1 ComputeLegacyManifestEmbedding          
        1 мс вызовов   1 DoLinkOutputFilesMatch                  
        1 мс вызовов   1 GetReferenceAssemblyPaths               
        1 мс вызовов   1 CopyFilesToOutputDirectory              
        1 мс вызовов   1 BeforeResolveReferences                 
        1 мс вызовов   1 MakeDirsForResourceCompile              
        1 мс вызовов   1 _CheckWindowsSDKInstalled               
        1 мс вызовов   1 MakeDirsForLink                         
        1 мс вызовов   1 FixupCLCompileOptions                   
        1 мс вызовов   1 PGInstrumentedClean                     
        1 мс вызовов   1 MakeDirsForMidl                         
        1 мс вызовов   1 CopyFileToFolders                       
        1 мс вызовов   1 GetCopyToOutputDirectoryXamlAppDefs     
        1 мс вызовов   1 Build                                   
        1 мс вызовов   1 IncrementalClean                        
        1 мс вызовов   1 ResolveAssemblyReferences               
        1 мс вызовов   1 ContentFilesProjectOutputGroup          
        2 мс вызовов   1 SplitResourcesByCulture                 
        2 мс вызовов   1 AssignTargetPaths                       
        2 мс вызовов   1 SetBuildDefaultEnvironmentVariables     
        2 мс вызовов   1 CustomBuild                             
        3 мс вызовов   1 CreateRecipeFile                        
        4 мс вызовов   1 InitializeBuildStatus                   
        4 мс вызовов   1 _CleanGetCurrentAndPriorFileWrites      
        5 мс вызовов   1 SetTelemetryEnvironmentVariables        
        5 мс вызовов   1 FinalizeBuildStatus                     
        6 мс вызовов   1 _PrepareForClean                        
        6 мс вызовов   1 _GetProjectReferenceTargetFrameworkProperties
        7 мс вызовов   1 CoreClean                               
        9 мс вызовов   1 AssignProjectConfiguration              
        9 мс вызовов   1 _GetCopyToOutputDirectoryItemsFromTransitiveProjectReferences
       13 мс вызовов   1 GetCopyToOutputDirectoryItems           
       21 мс вызовов   1 _CheckForInvalidConfigurationAndPlatform
       30 мс вызовов   1 ComputeManifestInputsTargets            
       43 мс вызовов   1 PrepareForBuild                         
       85 мс вызовов   1 CoreCppClean                            
      816 мс вызовов   1 Link                                    
     3333 мс вызовов   1 ClCompile                               

Итоги по задачам:
        0 мс вызовов   1 SetRidAgnosticValueForProjects          
        0 мс вызовов   1 AssignCulture                           
        0 мс вызовов   1 CheckVCToolsetVersion                   
        1 мс вызовов   7 FindUnderPath                           
        1 мс вызовов   1 ConvertToAbsolutePath                   
        1 мс вызовов   3 RemoveDuplicates                        
        2 мс вызовов   3 Message                                 
        2 мс вызовов   3 GetOutOfDateItems                       
        2 мс вызовов   7 AssignTargetPath                        
        2 мс вызовов   1 GenerateDesktopDeployRecipe             
        3 мс вызовов   1 MSBuild                                 
        3 мс вызовов   3 ReadLinesFromFile                       
        4 мс вызовов   2 Touch                                   
        4 мс вызовов   3 WriteLinesToFile                        
        5 мс вызовов  12 MakeDir                                 
        6 мс вызовов   9 SetEnv                                  
        8 мс вызовов   7 Delete                                  
        8 мс вызовов   1 AssignProjectConfiguration              
       11 мс вызовов   2 CallTarget                              
       81 мс вызовов   1 CppClean                                
      811 мс вызовов   1 Link                                    
     3325 мс вызовов   1 CL                                      
