  1.cpp
  1.vcxproj -> C:\Users\123\source\repos\вея\pr31\x64\Debug\1.exe

Итоги по проекту:
     3208 мс вызовов   1 C:\Users\123\source\repos\вея\pr31\1\1.vcxproj
               3208 мс вызовов   1 Build                                   

Итоги по целям:
        0 мс вызовов   1 AfterBuildCompileEvent                  
        0 мс вызовов   1 PreLinkEvent                            
        0 мс вызовов   1 PrepareResourceNames                    
        0 мс вызовов   1 CreateCustomManifestResourceNames       
        0 мс вызовов   1 ComputeManifestInputsTargets            
        0 мс вызовов   1 ComputeManifestGeneratedLinkerInputs    
        0 мс вызовов   1 ComputeRCGeneratedLinkInputs            
        0 мс вызовов   1 BeforeLink                              
        0 мс вызовов   1 BuildLinkTraverse                       
        0 мс вызовов   1 BuildCompile                            
        0 мс вызовов   1 _BuildCompileAction                     
        0 мс вызовов   1 _ResourceCompile                        
        0 мс вызовов   1 AfterResourceCompile                    
        0 мс вызовов   1 BeforeResourceCompile                   
        0 мс вызовов   1 AfterClCompile                          
        0 мс вызовов   1 SelectClCompile                         
        0 мс вызовов   1 FindReferenceAssembliesForReferences    
        0 мс вызовов   1 ComputeCLInputPDBName                   
        0 мс вызовов   1 ComputeLinkSwitches                     
        0 мс вызовов   1 AfterLink                               
        0 мс вызовов   1 _Link                                   
        0 мс вызовов   1 _ALink                                  
        0 мс вызовов   1 AfterBuild                              
        0 мс вызовов   1 BuildLink                               
        0 мс вызовов   1 _BuildLinkAction                        
        0 мс вызовов   1 PrepareForRun                           
        0 мс вызовов   1 _CopySourceItemsToOutputDirectory       
        0 мс вызовов   1 _PopulateCommonStateForGetCopyToOutputDirectoryItems
        0 мс вызовов   1 _Deploy                                 
        0 мс вызовов   1 _Appverifier                            
        0 мс вызовов   1 BeforeClCompile                         
        0 мс вызовов   1 CreateSatelliteAssemblies               
        0 мс вызовов   1 _BscMake                                
        0 мс вызовов   1 MakeDirsForBscMake                      
        0 мс вызовов   1 ComputeCLCompileGeneratedSbrFiles       
        0 мс вызовов   1 _XdcMake                                
        0 мс вызовов   1 MakeDirsForXdcMake                      
        0 мс вызовов   1 ResolvedXDCMake                         
        0 мс вызовов   1 RegisterOutput                          
        0 мс вызовов   1 _Manifest                               
        0 мс вызовов   1 SatelliteDllsProjectOutputGroup         
        0 мс вызовов   1 BuildCompileTraverse                    
        0 мс вызовов   1 Build                                   
        0 мс вызовов   1 _Xsd                                    
        0 мс вызовов   1 ResolveReferences                       
        0 мс вызовов   1 BeforeBuildGenerateSources              
        0 мс вызовов   1 AfterResolveReferences                  
        0 мс вызовов   1 _SelectedFiles                          
        0 мс вызовов   1 BuildGenerateSources                    
        0 мс вызовов   1 SelectCustomBuild                       
        0 мс вызовов   1 ResolveAssemblyReferences               
        0 мс вызовов   1 ExpandSDKReferences                     
        0 мс вызовов   1 ResolveSDKReferences                    
        0 мс вызовов   1 GetResolvedWinMD                        
        0 мс вызовов   1 GetFrameworkPaths                       
        0 мс вызовов   1 BuildGenerateSourcesTraverse            
        0 мс вызовов   1 AfterBuildGenerateSourcesEvent          
        0 мс вызовов   1 AfterMidl                               
        0 мс вызовов   1 PrepareProjectReferences                
        0 мс вызовов   1 _AddOutputPathToGlobalPropertiesToRemove
        0 мс вызовов   1 BeforeResolveReferences                 
        0 мс вызовов   1 ComputeMIDLGeneratedCompileInputs       
        0 мс вызовов   1 GetReferencedVCProjectsInfo             
        0 мс вызовов   1 GetCopyToOutputDirectoryXamlAppDefs     
        0 мс вызовов   1 _BuildGenerateSourcesAction             
        0 мс вызовов   1 ComputeLinkInputsFromProject            
        1 мс вызовов   1 _ClCompile                              
        1 мс вызовов   1 ComputeCLGeneratedLinkInputs            
        1 мс вызовов   1 _SplitProjectReferencesByFileExistence  
        1 мс вызовов   1 CopyFilesToOutputDirectory              
        1 мс вызовов   1 ComputeReferenceCLInput                 
        1 мс вызовов   1 PreBuildEvent                           
        1 мс вызовов   1 MakeDirsForLink                         
        1 мс вызовов   1 BuiltProjectOutputGroup                 
        1 мс вызовов   1 ComputeLegacyManifestEmbedding          
        1 мс вызовов   1 ComputeLinkImportLibraryOutputsForClean 
        1 мс вызовов   1 MakeDirsForMidl                         
        1 мс вызовов   1 ComputeRCOutputs                        
        1 мс вызовов   1 AfterBuildGenerateSources               
        1 мс вызовов   1 PostBuildEvent                          
        1 мс вызовов   1 _Midl                                   
        1 мс вызовов   1 ComputeCustomBuildOutput                
        1 мс вызовов   1 ResolveProjectReferences                
        1 мс вызовов   1 WarnCompileDuplicatedFilename           
        1 мс вызовов   1 _GenerateSatelliteAssemblyInputs        
        1 мс вызовов   1 GetReferenceAssemblyPaths               
        1 мс вызовов   1 _CheckWindowsSDKInstalled               
        1 мс вызовов   1 MakeDirsForFxc                          
        1 мс вызовов   1 ContentFilesProjectOutputGroup          
        1 мс вызовов   1 _GetCopyToOutputDirectoryItemsFromThisProject
        1 мс вызовов   1 ComputeCLCompileGeneratedXDCFiles       
        1 мс вызовов   1 _CheckForCompileOutputs                 
        1 мс вызовов   1 SetCABuildNativeEnvironmentVariables    
        1 мс вызовов   1 _PrepareForReferenceResolution          
        1 мс вызовов   1 DoLinkOutputFilesMatch                  
        1 мс вызовов   1 MakeDirsForResourceCompile              
        2 мс вызовов   1 CopyFileToFolders                       
        2 мс вызовов   1 MakeDirsForCl                           
        2 мс вызовов   1 SetBuildDefaultEnvironmentVariables     
        2 мс вызовов   1 FixupCLCompileOptions                   
        2 мс вызовов   1 ComputeCLOutputs                        
        2 мс вызовов   1 _GetCopyToOutputDirectoryItemsFromTransitiveProjectReferences
        2 мс вызовов   1 AddExternalIncludDirectoriesToPaths     
        3 мс вызовов   1 AssignProjectConfiguration              
        3 мс вызовов   1 _PrepareForBuild                        
        4 мс вызовов   1 FinalizeBuildStatus                     
        4 мс вызовов   1 SplitResourcesByCulture                 
        5 мс вызовов   1 IncrementalClean                        
        7 мс вызовов   1 AssignTargetPaths                       
       10 мс вызовов   1 _CleanGetCurrentAndPriorFileWrites      
       11 мс вызовов   1 GetCopyToOutputDirectoryItems           
       12 мс вызовов   1 SetTelemetryEnvironmentVariables        
       13 мс вызовов   1 PrepareForBuild                         
       19 мс вызовов   1 CustomBuild                             
       29 мс вызовов   1 _CheckForInvalidConfigurationAndPlatform
       70 мс вызовов   1 InitializeBuildStatus                   
       72 мс вызовов   1 CreateRecipeFile                        
       74 мс вызовов   1 _GetProjectReferenceTargetFrameworkProperties
      473 мс вызовов   1 Link                                    
     2341 мс вызовов   1 ClCompile                               

Итоги по задачам:
        0 мс вызовов   2 RemoveDuplicates                        
        1 мс вызовов   1 ConvertToAbsolutePath                   
        1 мс вызовов   1 SetRidAgnosticValueForProjects          
        1 мс вызовов   1 AssignCulture                           
        1 мс вызовов   1 MSBuild                                 
        1 мс вызовов   2 Delete                                  
        2 мс вызовов   2 ReadLinesFromFile                       
        2 мс вызовов   1 WriteLinesToFile                        
        2 мс вызовов   1 AssignProjectConfiguration              
        4 мс вызовов   1 CheckVCToolsetVersion                   
        4 мс вызовов   2 Touch                                   
        4 мс вызовов   3 Message                                 
        5 мс вызовов   7 AssignTargetPath                        
        5 мс вызовов   9 SetEnv                                  
        5 мс вызовов  10 MakeDir                                 
        7 мс вызовов   5 FindUnderPath                           
        8 мс вызовов   2 CallTarget                              
       19 мс вызовов   3 GetOutOfDateItems                       
       71 мс вызовов   1 GenerateDesktopDeployRecipe             
      468 мс вызовов   1 Link                                    
     2335 мс вызовов   1 CL                                      
